<?xml version="1.0" encoding="UTF-8"?>
<testsuites>
  <testsuite name="fastlane.lanes">
    
      
      <testcase classname="fastlane.lanes" name="0: Verifying required fastlane version" time="0.0005">
        
      </testcase>
    
      
      <testcase classname="fastlane.lanes" name="1: default_platform" time="0.000329">
        
      </testcase>
    
      
      <testcase classname="fastlane.lanes" name="2: carthage" time="322.765637">
        
          <failure message="/Users/ryanipete/.gem/ruby/2.2.0/gems/fastlane-1.66.0/lib/fastlane/actions/actions_helper.rb:33:in `execute_action'&#10;/Users/ryanipete/.gem/ruby/2.2.0/gems/fastlane-1.66.0/lib/fastlane/runner.rb:129:in `block in execute_action'&#10;/Users/ryanipete/.gem/ruby/2.2.0/gems/fastlane-1.66.0/lib/fastlane/runner.rb:128:in `chdir'&#10;/Users/ryanipete/.gem/ruby/2.2.0/gems/fastlane-1.66.0/lib/fastlane/runner.rb:128:in `execute_action'&#10;/Users/ryanipete/.gem/ruby/2.2.0/gems/fastlane-1.66.0/lib/fastlane/fast_file.rb:149:in `method_missing'&#10;Fastfile:27:in `block (2 levels) in parsing_binding'&#10;/Users/ryanipete/.gem/ruby/2.2.0/gems/fastlane-1.66.0/lib/fastlane/runner.rb:49:in `call'&#10;/Users/ryanipete/.gem/ruby/2.2.0/gems/fastlane-1.66.0/lib/fastlane/runner.rb:49:in `block in execute'&#10;/Users/ryanipete/.gem/ruby/2.2.0/gems/fastlane-1.66.0/lib/fastlane/runner.rb:46:in `chdir'&#10;/Users/ryanipete/.gem/ruby/2.2.0/gems/fastlane-1.66.0/lib/fastlane/runner.rb:46:in `execute'&#10;/Users/ryanipete/.gem/ruby/2.2.0/gems/fastlane-1.66.0/lib/fastlane/lane_manager.rb:46:in `cruise_lane'&#10;/Users/ryanipete/.gem/ruby/2.2.0/gems/fastlane-1.66.0/lib/fastlane/command_line_handler.rb:30:in `handle'&#10;/Users/ryanipete/.gem/ruby/2.2.0/gems/fastlane-1.66.0/bin/fastlane:38:in `block (2 levels) in run'&#10;/Users/ryanipete/.rbenv/versions/2.2.3/lib/ruby/gems/2.2.0/gems/commander-4.3.5/lib/commander/command.rb:178:in `call'&#10;/Users/ryanipete/.rbenv/versions/2.2.3/lib/ruby/gems/2.2.0/gems/commander-4.3.5/lib/commander/command.rb:178:in `call'&#10;/Users/ryanipete/.rbenv/versions/2.2.3/lib/ruby/gems/2.2.0/gems/commander-4.3.5/lib/commander/command.rb:153:in `run'&#10;/Users/ryanipete/.rbenv/versions/2.2.3/lib/ruby/gems/2.2.0/gems/commander-4.3.5/lib/commander/runner.rb:428:in `run_active_command'&#10;/Users/ryanipete/.gem/ruby/2.2.0/gems/fastlane_core-0.37.0/lib/fastlane_core/ui/fastlane_runner.rb:23:in `run!'&#10;/Users/ryanipete/.rbenv/versions/2.2.3/lib/ruby/gems/2.2.0/gems/commander-4.3.5/lib/commander/delegates.rb:15:in `run!'&#10;/Users/ryanipete/.gem/ruby/2.2.0/gems/fastlane-1.66.0/bin/fastlane:156:in `run'&#10;/Users/ryanipete/.gem/ruby/2.2.0/gems/fastlane-1.66.0/bin/fastlane:162:in `&lt;top (required)&gt;'&#10;/Users/ryanipete/.rbenv/versions/2.2.3/bin/fastlane:23:in `load'&#10;/Users/ryanipete/.rbenv/versions/2.2.3/bin/fastlane:23:in `&lt;main&gt;'&#10;&#10;Exit status of command 'carthage bootstrap' was 1 instead of 0.&#10;2016-03-14 01:56:20.320 xcodebuild[75267:7309177]  DVTAssertions: Warning in /Library/Caches/com.apple.xbs/Sources/DVTFrameworks/DVTFrameworks-9544/DVTFoundation/Utilities/DVTFileSystemUtilities.mm:142&#10;Details:  lstat('/Users/ryanipete/Library/Developer/Xcode/DerivedData/SnapKit-bnngrihapgnvojgaupiylovjbjkv/Build/Products/Release-iphoneos/SnapKit.framework/Modules') failed with errno 2 (No such file or directory)&#10;Function: DVTRecursiveMkdirResult dvt_recursiveMkdir_returningErrorString(NSString *__strong, NSString *__autoreleasing *)&#10;Thread:   &lt;NSThread: 0x7ffc6da7e800&gt;{number = 8, name = (null)}&#10;Please file a bug at http://bugreport.apple.com with this warning message and any useful information you can provide.&#10;** BUILD FAILED **&#10;&#10;&#10;The following build commands failed:&#10;	GenerateDSYMFile /Users/ryanipete/Library/Developer/Xcode/DerivedData/SnapKit-bnngrihapgnvojgaupiylovjbjkv/Build/Products/Release-iphoneos/SnapKit.framework.dSYM /Users/ryanipete/Library/Developer/Xcode/DerivedData/SnapKit-bnngrihapgnvojgaupiylovjbjkv/Build/Products/Release-iphoneos/SnapKit.framework/SnapKit&#10;(1 failure)&#10;ld: warning: embedded dylibs/frameworks only run on iOS 8 or later&#10;ld: warning: embedded dylibs/frameworks only run on iOS 8 or later&#10;ld: warning: embedded dylibs/frameworks only run on iOS 8 or later&#10;ld: warning: embedded dylibs/frameworks only run on iOS 8 or later&#10;/Users/ryanipete/ryanipete/AmericanChronicle/Carthage/Checkouts/SDWebImage/SDWebImage/SDWebImageDownloaderOperation.m:96:52: warning: 'initWithRequest:delegate:startImmediately:' is deprecated: first deprecated in tvOS 9.0 - Use NSURLSession (see NSURLSession.h) [-Wdeprecated-declarations]&#10;/Users/ryanipete/ryanipete/AmericanChronicle/Carthage/Checkouts/SDWebImage/SDWebImage/SDWebImageDownloaderOperation.m:96:52: warning: 'initWithRequest:delegate:startImmediately:' is deprecated: first deprecated in tvOS 9.0 - Use NSURLSession (see NSURLSession.h) [-Wdeprecated-declarations]&#10;error: /Applications/Xcode.app/Contents/Developer/Toolchains/XcodeDefault.xctoolchain/usr/bin/lipo: can't move temporary file: /Users/ryanipete/Library/Developer/Xcode/DerivedData/SnapKit-bnngrihapgnvojgaupiylovjbjkv/Build/Products/Release-iphoneos/SnapKit.framework/SnapKit to file: /Users/ryanipete/Library/Developer/Xcode/DerivedData/SnapKit-bnngrihapgnvojgaupiylovjbjkv/Build/Products/Release-iphoneos/SnapKit.framework/SnapKit.lipo (No such file or directory)&#10;A shell task failed with exit code 65:&#10;2016-03-14 01:56:20.320 xcodebuild[75267:7309177]  DVTAssertions: Warning in /Library/Caches/com.apple.xbs/Sources/DVTFrameworks/DVTFrameworks-9544/DVTFoundation/Utilities/DVTFileSystemUtilities.mm:142&#10;Details:  lstat('/Users/ryanipete/Library/Developer/Xcode/DerivedData/SnapKit-bnngrihapgnvojgaupiylovjbjkv/Build/Products/Release-iphoneos/SnapKit.framework/Modules') failed with errno 2 (No such file or directory)&#10;Function: DVTRecursiveMkdirResult dvt_recursiveMkdir_returningErrorString(NSString *__strong, NSString *__autoreleasing *)&#10;Thread:   &lt;NSThread: 0x7ffc6da7e800&gt;{number = 8, name = (null)}&#10;Please file a bug at http://bugreport.apple.com with this warning message and any useful information you can provide.&#10;** BUILD FAILED **&#10;&#10;&#10;The following build commands failed:&#10;	GenerateDSYMFile /Users/ryanipete/Library/Developer/Xcode/DerivedData/SnapKit-bnngrihapgnvojgaupiylovjbjkv/Build/Products/Release-iphoneos/SnapKit.framework.dSYM /Users/ryanipete/Library/Developer/Xcode/DerivedData/SnapKit-bnngrihapgnvojgaupiylovjbjkv/Build/Products/Release-iphoneos/SnapKit.framework/SnapKit&#10;(1 failure)&#10;&#10;*** Checking out Alamofire at &quot;3.2.1&quot;&#10;*** Checking out SnapKit at &quot;0.19.1&quot;&#10;*** Checking out FSCalendar at &quot;1.8.2&quot;&#10;*** Checking out DynamicColor at &quot;2.4.0&quot;&#10;*** Checking out SDWebImage at &quot;3.7.5&quot;&#10;*** Checking out netfox at &quot;1.7.2&quot;&#10;*** Checking out AlamofireObjectMapper at &quot;2.1.3&quot;&#10;*** Checking out ObjectMapper at &quot;1.1.5&quot;&#10;*** xcodebuild output can be found in /var/folders/94/mx7bj44n6jjf2t7qs9f_m03h0000gn/T/carthage-xcodebuild.wNmq6B.log&#10;*** Building scheme &quot;Alamofire OSX&quot; in Alamofire.xcworkspace&#10;*** Building scheme &quot;Alamofire watchOS&quot; in Alamofire.xcworkspace&#10;*** Building scheme &quot;Alamofire tvOS&quot; in Alamofire.xcworkspace&#10;*** Building scheme &quot;Alamofire iOS&quot; in Alamofire.xcworkspace&#10;*** Building scheme &quot;DynamicColor&quot; in DynamicColorExample.xcodeproj&#10;*** Building scheme &quot;FSCalendar&quot; in FSCalendar.xcodeproj&#10;*** Building scheme &quot;netfox&quot; in netfox.xcodeproj&#10;*** Building scheme &quot;ObjectMapper-Mac&quot; in ObjectMapper.xcworkspace&#10;*** Building scheme &quot;ObjectMapper-iOS&quot; in ObjectMapper.xcworkspace&#10;*** Building scheme &quot;ObjectMapper-tvOS&quot; in ObjectMapper.xcworkspace&#10;*** Building scheme &quot;ObjectMapper-watchOS&quot; in ObjectMapper.xcworkspace&#10;*** Building scheme &quot;AlamofireObjectMapper OSX&quot; in AlamofireObjectMapper.xcworkspace&#10;*** Building scheme &quot;AlamofireObjectMapper watchOS&quot; in AlamofireObjectMapper.xcworkspace&#10;*** Building scheme &quot;AlamofireObjectMapper iOS&quot; in AlamofireObjectMapper.xcworkspace&#10;*** Building scheme &quot;AlamofireObjectMapper tvOS&quot; in AlamofireObjectMapper.xcworkspace&#10;*** Building scheme &quot;WebImage tvOS&quot; in SDWebImage.xcworkspace&#10;*** Building scheme &quot;WebImage&quot; in SDWebImage.xcworkspace&#10;*** Building scheme &quot;SnapKit OSX&quot; in SnapKit.xcworkspace&#10;*** Building scheme &quot;SnapKit tvOS&quot; in SnapKit.xcworkspace&#10;*** Building scheme &quot;SnapKit iOS&quot; in SnapKit.xcworkspace&#10;" />
        
      </testcase>
    
  </testsuite>
</testsuites>
